<?xml version="1.0" encoding="UTF-8" standalone="no"?>
<!DOCTYPE log SYSTEM "logger.dtd">
<log>
<record>
  <date>2019-04-13T21:15:44</date>
  <millis>1555168544341</millis>
  <sequence>0</sequence>
  <level>START</level>
  <class>com.kms.katalon.core.logging.XmlKeywordLogger</class>
  <method>startSuite</method>
  <thread>1</thread>
  <message>Start Test Suite : Test Suites/REST API Web Services</message>
  <nestedLevel>0</nestedLevel>
  <property name="name">REST API Web Services</property>
  <property name="description"></property>
  <property name="id">Test Suites/REST API Web Services</property>
</record>
<record>
  <date>2019-04-13T21:15:44</date>
  <millis>1555168544377</millis>
  <sequence>1</sequence>
  <level>RUN_DATA</level>
  <class>com.kms.katalon.core.logging.XmlKeywordLogger</class>
  <method>logMessage</method>
  <thread>1</thread>
  <message>hostName = BappY - Toruk-Macto</message>
  <nestedLevel>0</nestedLevel>
  <property name="hostName">BappY - Toruk-Macto</property>
</record>
<record>
  <date>2019-04-13T21:15:44</date>
  <millis>1555168544378</millis>
  <sequence>2</sequence>
  <level>RUN_DATA</level>
  <class>com.kms.katalon.core.logging.XmlKeywordLogger</class>
  <method>logMessage</method>
  <thread>1</thread>
  <message>os = Windows 10 64bit</message>
  <nestedLevel>0</nestedLevel>
  <property name="os">Windows 10 64bit</property>
</record>
<record>
  <date>2019-04-13T21:15:44</date>
  <millis>1555168544379</millis>
  <sequence>3</sequence>
  <level>RUN_DATA</level>
  <class>com.kms.katalon.core.logging.XmlKeywordLogger</class>
  <method>logMessage</method>
  <thread>1</thread>
  <message>hostAddress = 10.244.50.2</message>
  <nestedLevel>0</nestedLevel>
  <property name="hostAddress">10.244.50.2</property>
</record>
<record>
  <date>2019-04-13T21:15:44</date>
  <millis>1555168544381</millis>
  <sequence>4</sequence>
  <level>RUN_DATA</level>
  <class>com.kms.katalon.core.logging.XmlKeywordLogger</class>
  <method>logMessage</method>
  <thread>1</thread>
  <message>katalonVersion = 6.0.4.7</message>
  <nestedLevel>0</nestedLevel>
  <property name="katalonVersion">6.0.4.7</property>
</record>
<record>
  <date>2019-04-13T21:15:44</date>
  <millis>1555168544998</millis>
  <sequence>5</sequence>
  <level>START</level>
  <class>com.kms.katalon.core.logging.XmlKeywordLogger</class>
  <method>startTest</method>
  <thread>1</thread>
  <message>Start Test Case : Test Cases/REST Web API Chaining Sample Test</message>
  <nestedLevel>1</nestedLevel>
  <property name="name">Test Cases/REST Web API Chaining Sample Test</property>
  <property name="description">chaining use of variable in a test case.</property>
  <property name="id">Test Cases/REST Web API Chaining Sample Test</property>
  <property name="source">C:\\Users\\BappY\\Katalon Studio\\Sample REST API Testing Project\\Test Cases\\REST Web API Chaining Sample Test.tc</property>
  <property name="isOptional">false</property>
</record>
<record>
  <date>2019-04-13T21:15:45</date>
  <millis>1555168545734</millis>
  <sequence>7</sequence>
  <level>START</level>
  <class>com.kms.katalon.core.logging.XmlKeywordLogger</class>
  <method>startKeyword</method>
  <thread>1</thread>
  <message>Start action : userResponse = sendRequest(findTestObject(\&amp;quot;REST Web Services API/ListUsers\&amp;quot;))</message>
  <nestedLevel>1</nestedLevel>
  <property name="startLine">16</property>
  <property name="stepIndex">1</property>
</record>
<record>
  <date>2019-04-13T21:15:52</date>
  <millis>1555168552497</millis>
  <sequence>11</sequence>
  <level>INFO</level>
  <class>com.kms.katalon.core.logging.XmlKeywordLogger</class>
  <method>logMessage</method>
  <thread>1</thread>
  <message>HAR: C:\\Users\\BappY\\Katalon Studio\\Sample REST API Testing Project\\Reports\\REST API Web Services\\20190413_211540\\requests\\main\\0.har</message>
  <nestedLevel>1</nestedLevel>
  <property name="harId">16ed61b8-7f9d-4857-bc85-80c5c8381c06</property>
</record>
<record>
  <date>2019-04-13T21:15:52</date>
  <millis>1555168552661</millis>
  <sequence>12</sequence>
  <level>PASSED</level>
  <class>com.kms.katalon.core.logging.XmlKeywordLogger</class>
  <method>logMessage</method>
  <thread>1</thread>
  <message>Send request successfully</message>
  <nestedLevel>1</nestedLevel>
</record>
<record>
  <date>2019-04-13T21:15:52</date>
  <millis>1555168552662</millis>
  <sequence>13</sequence>
  <level>END</level>
  <class>com.kms.katalon.core.logging.XmlKeywordLogger</class>
  <method>endKeyword</method>
  <thread>1</thread>
  <message>End action : userResponse = sendRequest(findTestObject(\&amp;quot;REST Web Services API/ListUsers\&amp;quot;))</message>
  <nestedLevel>1</nestedLevel>
</record>
<record>
  <date>2019-04-13T21:15:52</date>
  <millis>1555168552662</millis>
  <sequence>14</sequence>
  <level>START</level>
  <class>com.kms.katalon.core.logging.XmlKeywordLogger</class>
  <method>startKeyword</method>
  <thread>1</thread>
  <message>Start action : urSlurper = new groovy.json.JsonSlurper()</message>
  <nestedLevel>1</nestedLevel>
  <property name="startLine">18</property>
  <property name="stepIndex">2</property>
</record>
<record>
  <date>2019-04-13T21:15:52</date>
  <millis>1555168552673</millis>
  <sequence>15</sequence>
  <level>END</level>
  <class>com.kms.katalon.core.logging.XmlKeywordLogger</class>
  <method>endKeyword</method>
  <thread>1</thread>
  <message>End action : urSlurper = new groovy.json.JsonSlurper()</message>
  <nestedLevel>1</nestedLevel>
</record>
<record>
  <date>2019-04-13T21:15:52</date>
  <millis>1555168552674</millis>
  <sequence>16</sequence>
  <level>START</level>
  <class>com.kms.katalon.core.logging.XmlKeywordLogger</class>
  <method>startKeyword</method>
  <thread>1</thread>
  <message>Start action : ursResult = urSlurper.parseText(userResponse.getResponseBodyContent())</message>
  <nestedLevel>1</nestedLevel>
  <property name="startLine">20</property>
  <property name="stepIndex">3</property>
</record>
<record>
  <date>2019-04-13T21:15:52</date>
  <millis>1555168552704</millis>
  <sequence>17</sequence>
  <level>END</level>
  <class>com.kms.katalon.core.logging.XmlKeywordLogger</class>
  <method>endKeyword</method>
  <thread>1</thread>
  <message>End action : ursResult = urSlurper.parseText(userResponse.getResponseBodyContent())</message>
  <nestedLevel>1</nestedLevel>
</record>
<record>
  <date>2019-04-13T21:15:52</date>
  <millis>1555168552705</millis>
  <sequence>18</sequence>
  <level>START</level>
  <class>com.kms.katalon.core.logging.XmlKeywordLogger</class>
  <method>startKeyword</method>
  <thread>1</thread>
  <message>Start action : ursrValue = first_name</message>
  <nestedLevel>1</nestedLevel>
  <property name="startLine">22</property>
  <property name="stepIndex">4</property>
</record>
<record>
  <date>2019-04-13T21:15:52</date>
  <millis>1555168552717</millis>
  <sequence>19</sequence>
  <level>END</level>
  <class>com.kms.katalon.core.logging.XmlKeywordLogger</class>
  <method>endKeyword</method>
  <thread>1</thread>
  <message>End action : ursrValue = first_name</message>
  <nestedLevel>1</nestedLevel>
</record>
<record>
  <date>2019-04-13T21:15:52</date>
  <millis>1555168552718</millis>
  <sequence>20</sequence>
  <level>START</level>
  <class>com.kms.katalon.core.logging.XmlKeywordLogger</class>
  <method>startKeyword</method>
  <thread>1</thread>
  <message>Start action : println(\&amp;quot;Value Extracted From Test Case :\&amp;quot; + ursrValue)</message>
  <nestedLevel>1</nestedLevel>
  <property name="startLine">24</property>
  <property name="stepIndex">5</property>
</record>
<record>
  <date>2019-04-13T21:15:52</date>
  <millis>1555168552724</millis>
  <sequence>21</sequence>
  <level>END</level>
  <class>com.kms.katalon.core.logging.XmlKeywordLogger</class>
  <method>endKeyword</method>
  <thread>1</thread>
  <message>End action : println(\&amp;quot;Value Extracted From Test Case :\&amp;quot; + ursrValue)</message>
  <nestedLevel>1</nestedLevel>
</record>
<record>
  <date>2019-04-13T21:15:52</date>
  <millis>1555168552725</millis>
  <sequence>22</sequence>
  <level>START</level>
  <class>com.kms.katalon.core.logging.XmlKeywordLogger</class>
  <method>startKeyword</method>
  <thread>1</thread>
  <message>Start action : userName = ursrValue</message>
  <nestedLevel>1</nestedLevel>
  <property name="startLine">26</property>
  <property name="stepIndex">6</property>
</record>
<record>
  <date>2019-04-13T21:15:52</date>
  <millis>1555168552756</millis>
  <sequence>23</sequence>
  <level>END</level>
  <class>com.kms.katalon.core.logging.XmlKeywordLogger</class>
  <method>endKeyword</method>
  <thread>1</thread>
  <message>End action : userName = ursrValue</message>
  <nestedLevel>1</nestedLevel>
</record>
<record>
  <date>2019-04-13T21:15:52</date>
  <millis>1555168552756</millis>
  <sequence>24</sequence>
  <level>START</level>
  <class>com.kms.katalon.core.logging.XmlKeywordLogger</class>
  <method>startKeyword</method>
  <thread>1</thread>
  <message>Start action : println(\&amp;quot;Global Variable Is Now Holding : \&amp;quot; + userName)</message>
  <nestedLevel>1</nestedLevel>
  <property name="startLine">28</property>
  <property name="stepIndex">7</property>
</record>
<record>
  <date>2019-04-13T21:15:52</date>
  <millis>1555168552758</millis>
  <sequence>25</sequence>
  <level>END</level>
  <class>com.kms.katalon.core.logging.XmlKeywordLogger</class>
  <method>endKeyword</method>
  <thread>1</thread>
  <message>End action : println(\&amp;quot;Global Variable Is Now Holding : \&amp;quot; + userName)</message>
  <nestedLevel>1</nestedLevel>
</record>
<record>
  <date>2019-04-13T21:15:52</date>
  <millis>1555168552759</millis>
  <sequence>26</sequence>
  <level>START</level>
  <class>com.kms.katalon.core.logging.XmlKeywordLogger</class>
  <method>startKeyword</method>
  <thread>1</thread>
  <message>Start action : sendRequestAndVerify(findTestObject(\&amp;quot;REST Web Services API/UpdateUsers\&amp;quot;))</message>
  <nestedLevel>1</nestedLevel>
  <property name="startLine">30</property>
  <property name="stepIndex">8</property>
</record>
<record>
  <date>2019-04-13T21:15:53</date>
  <millis>1555168553530</millis>
  <sequence>30</sequence>
  <level>START</level>
  <class>com.kms.katalon.core.logging.XmlKeywordLogger</class>
  <method>startTest</method>
  <thread>1</thread>
  <message>Start Test Case : Verification</message>
  <nestedLevel>2</nestedLevel>
</record>
<record>
  <date>2019-04-13T21:15:53</date>
  <millis>1555168553946</millis>
  <sequence>31</sequence>
  <level>START</level>
  <class>com.kms.katalon.core.logging.XmlKeywordLogger</class>
  <method>startKeyword</method>
  <thread>1</thread>
  <message>Start action : request = getInstance().getCurrentRequest()</message>
  <nestedLevel>1</nestedLevel>
  <property name="startLine">11</property>
  <property name="stepIndex">1</property>
</record>
<record>
  <date>2019-04-13T21:15:54</date>
  <millis>1555168554015</millis>
  <sequence>32</sequence>
  <level>END</level>
  <class>com.kms.katalon.core.logging.XmlKeywordLogger</class>
  <method>endKeyword</method>
  <thread>1</thread>
  <message>End action : request = getInstance().getCurrentRequest()</message>
  <nestedLevel>1</nestedLevel>
</record>
<record>
  <date>2019-04-13T21:15:54</date>
  <millis>1555168554016</millis>
  <sequence>33</sequence>
  <level>START</level>
  <class>com.kms.katalon.core.logging.XmlKeywordLogger</class>
  <method>startKeyword</method>
  <thread>1</thread>
  <message>Start action : response = getInstance().getCurrentResponse()</message>
  <nestedLevel>1</nestedLevel>
  <property name="startLine">13</property>
  <property name="stepIndex">2</property>
</record>
<record>
  <date>2019-04-13T21:15:54</date>
  <millis>1555168554018</millis>
  <sequence>34</sequence>
  <level>END</level>
  <class>com.kms.katalon.core.logging.XmlKeywordLogger</class>
  <method>endKeyword</method>
  <thread>1</thread>
  <message>End action : response = getInstance().getCurrentResponse()</message>
  <nestedLevel>1</nestedLevel>
</record>
<record>
  <date>2019-04-13T21:15:54</date>
  <millis>1555168554019</millis>
  <sequence>35</sequence>
  <level>START</level>
  <class>com.kms.katalon.core.logging.XmlKeywordLogger</class>
  <method>startKeyword</method>
  <thread>1</thread>
  <message>Start action : verifyElementPropertyValue(response, \&amp;quot;name\&amp;quot;, \&amp;quot;Tracey\&amp;quot;)</message>
  <nestedLevel>1</nestedLevel>
  <property name="startLine">15</property>
  <property name="stepIndex">3</property>
</record>
<record>
  <date>2019-04-13T21:15:54</date>
  <millis>1555168554051</millis>
  <sequence>37</sequence>
  <level>PASSED</level>
  <class>com.kms.katalon.core.logging.XmlKeywordLogger</class>
  <method>logMessage</method>
  <thread>1</thread>
  <message>Verify element property value successfully</message>
  <nestedLevel>2</nestedLevel>
</record>
<record>
  <date>2019-04-13T21:15:54</date>
  <millis>1555168554052</millis>
  <sequence>38</sequence>
  <level>END</level>
  <class>com.kms.katalon.core.logging.XmlKeywordLogger</class>
  <method>endKeyword</method>
  <thread>1</thread>
  <message>End action : verifyElementPropertyValue(response, \&amp;quot;name\&amp;quot;, \&amp;quot;Tracey\&amp;quot;)</message>
  <nestedLevel>1</nestedLevel>
</record>
<record>
  <date>2019-04-13T21:15:54</date>
  <millis>1555168554052</millis>
  <sequence>39</sequence>
  <level>PASSED</level>
  <class>com.kms.katalon.core.logging.XmlKeywordLogger</class>
  <method>logMessage</method>
  <thread>1</thread>
  <message>Verification accomplished successfully</message>
  <nestedLevel>2</nestedLevel>
</record>
<record>
  <date>2019-04-13T21:15:54</date>
  <millis>1555168554054</millis>
  <sequence>40</sequence>
  <level>END</level>
  <class>com.kms.katalon.core.logging.XmlKeywordLogger</class>
  <method>endTest</method>
  <thread>1</thread>
  <message>End Test Case : Verification</message>
  <nestedLevel>1</nestedLevel>
</record>
<record>
  <date>2019-04-13T21:15:54</date>
  <millis>1555168554062</millis>
  <sequence>41</sequence>
  <level>PASSED</level>
  <class>com.kms.katalon.core.logging.XmlKeywordLogger</class>
  <method>logMessage</method>
  <thread>1</thread>
  <message>Verify response successfully</message>
  <nestedLevel>1</nestedLevel>
</record>
<record>
  <date>2019-04-13T21:15:54</date>
  <millis>1555168554062</millis>
  <sequence>42</sequence>
  <level>PASSED</level>
  <class>com.kms.katalon.core.logging.XmlKeywordLogger</class>
  <method>logMessage</method>
  <thread>1</thread>
  <message>Send request and verify the response successfully</message>
  <nestedLevel>1</nestedLevel>
</record>
<record>
  <date>2019-04-13T21:15:54</date>
  <millis>1555168554063</millis>
  <sequence>43</sequence>
  <level>END</level>
  <class>com.kms.katalon.core.logging.XmlKeywordLogger</class>
  <method>endKeyword</method>
  <thread>1</thread>
  <message>End action : sendRequestAndVerify(findTestObject(\&amp;quot;REST Web Services API/UpdateUsers\&amp;quot;))</message>
  <nestedLevel>1</nestedLevel>
</record>
<record>
  <date>2019-04-13T21:15:54</date>
  <millis>1555168554063</millis>
  <sequence>44</sequence>
  <level>PASSED</level>
  <class>com.kms.katalon.core.logging.XmlKeywordLogger</class>
  <method>logMessage</method>
  <thread>1</thread>
  <message>Test Cases/REST Web API Chaining Sample Test</message>
  <nestedLevel>1</nestedLevel>
</record>
<record>
  <date>2019-04-13T21:15:54</date>
  <millis>1555168554064</millis>
  <sequence>45</sequence>
  <level>END</level>
  <class>com.kms.katalon.core.logging.XmlKeywordLogger</class>
  <method>endTest</method>
  <thread>1</thread>
  <message>End Test Case : Test Cases/REST Web API Chaining Sample Test</message>
  <nestedLevel>0</nestedLevel>
</record>
<record>
  <date>2019-04-13T21:15:54</date>
  <millis>1555168554067</millis>
  <sequence>46</sequence>
  <level>START</level>
  <class>com.kms.katalon.core.logging.XmlKeywordLogger</class>
  <method>startTest</method>
  <thread>1</thread>
  <message>Start Test Case : Test Cases/REST Web API testCase</message>
  <nestedLevel>1</nestedLevel>
  <property name="name">Test Cases/REST Web API testCase</property>
  <property name="description">this will handle List and Create uses API from test website reqres.in</property>
  <property name="id">Test Cases/REST Web API testCase</property>
  <property name="source">C:\\Users\\BappY\\Katalon Studio\\Sample REST API Testing Project\\Test Cases\\REST Web API testCase.tc</property>
  <property name="isOptional">false</property>
</record>
<record>
  <date>2019-04-13T21:15:54</date>
  <millis>1555168554382</millis>
  <sequence>48</sequence>
  <level>START</level>
  <class>com.kms.katalon.core.logging.XmlKeywordLogger</class>
  <method>startKeyword</method>
  <thread>1</thread>
  <message>Start action : sendRequest(findTestObject(\&amp;quot;REST Web Services API/ListUsers\&amp;quot;))</message>
  <nestedLevel>1</nestedLevel>
  <property name="startLine">16</property>
  <property name="stepIndex">1</property>
</record>
<record>
  <date>2019-04-13T21:15:55</date>
  <millis>1555168555362</millis>
  <sequence>52</sequence>
  <level>INFO</level>
  <class>com.kms.katalon.core.logging.XmlKeywordLogger</class>
  <method>logMessage</method>
  <thread>1</thread>
  <message>HAR: C:\\Users\\BappY\\Katalon Studio\\Sample REST API Testing Project\\Reports\\REST API Web Services\\20190413_211540\\requests\\main\\1.har</message>
  <nestedLevel>1</nestedLevel>
  <property name="harId">801865ce-7457-46cb-bc25-8b0b0a894e4e</property>
</record>
<record>
  <date>2019-04-13T21:15:55</date>
  <millis>1555168555374</millis>
  <sequence>53</sequence>
  <level>PASSED</level>
  <class>com.kms.katalon.core.logging.XmlKeywordLogger</class>
  <method>logMessage</method>
  <thread>1</thread>
  <message>Send request successfully</message>
  <nestedLevel>1</nestedLevel>
</record>
<record>
  <date>2019-04-13T21:15:55</date>
  <millis>1555168555375</millis>
  <sequence>54</sequence>
  <level>END</level>
  <class>com.kms.katalon.core.logging.XmlKeywordLogger</class>
  <method>endKeyword</method>
  <thread>1</thread>
  <message>End action : sendRequest(findTestObject(\&amp;quot;REST Web Services API/ListUsers\&amp;quot;))</message>
  <nestedLevel>1</nestedLevel>
</record>
<record>
  <date>2019-04-13T21:15:55</date>
  <millis>1555168555375</millis>
  <sequence>55</sequence>
  <level>START</level>
  <class>com.kms.katalon.core.logging.XmlKeywordLogger</class>
  <method>startKeyword</method>
  <thread>1</thread>
  <message>Start action : sendRequest(findTestObject(\&amp;quot;REST Web Services API/CreateUsers\&amp;quot;))</message>
  <nestedLevel>1</nestedLevel>
  <property name="startLine">18</property>
  <property name="stepIndex">2</property>
</record>
<record>
  <date>2019-04-13T21:15:55</date>
  <millis>1555168555957</millis>
  <sequence>58</sequence>
  <level>INFO</level>
  <class>com.kms.katalon.core.logging.XmlKeywordLogger</class>
  <method>logMessage</method>
  <thread>1</thread>
  <message>HAR: C:\\Users\\BappY\\Katalon Studio\\Sample REST API Testing Project\\Reports\\REST API Web Services\\20190413_211540\\requests\\main\\2.har</message>
  <nestedLevel>1</nestedLevel>
  <property name="harId">18697eee-c59d-45b6-b13c-8ec3f86424b3</property>
</record>
<record>
  <date>2019-04-13T21:15:55</date>
  <millis>1555168555970</millis>
  <sequence>59</sequence>
  <level>PASSED</level>
  <class>com.kms.katalon.core.logging.XmlKeywordLogger</class>
  <method>logMessage</method>
  <thread>1</thread>
  <message>Send request successfully</message>
  <nestedLevel>1</nestedLevel>
</record>
<record>
  <date>2019-04-13T21:15:55</date>
  <millis>1555168555970</millis>
  <sequence>60</sequence>
  <level>END</level>
  <class>com.kms.katalon.core.logging.XmlKeywordLogger</class>
  <method>endKeyword</method>
  <thread>1</thread>
  <message>End action : sendRequest(findTestObject(\&amp;quot;REST Web Services API/CreateUsers\&amp;quot;))</message>
  <nestedLevel>1</nestedLevel>
</record>
<record>
  <date>2019-04-13T21:15:55</date>
  <millis>1555168555970</millis>
  <sequence>61</sequence>
  <level>PASSED</level>
  <class>com.kms.katalon.core.logging.XmlKeywordLogger</class>
  <method>logMessage</method>
  <thread>1</thread>
  <message>Test Cases/REST Web API testCase</message>
  <nestedLevel>1</nestedLevel>
</record>
<record>
  <date>2019-04-13T21:15:55</date>
  <millis>1555168555971</millis>
  <sequence>62</sequence>
  <level>END</level>
  <class>com.kms.katalon.core.logging.XmlKeywordLogger</class>
  <method>endTest</method>
  <thread>1</thread>
  <message>End Test Case : Test Cases/REST Web API testCase</message>
  <nestedLevel>0</nestedLevel>
</record>
<record>
  <date>2019-04-13T21:15:56</date>
  <millis>1555168556038</millis>
  <sequence>63</sequence>
  <level>END</level>
  <class>com.kms.katalon.core.logging.XmlKeywordLogger</class>
  <method>endSuite</method>
  <thread>1</thread>
  <message>End Test Suite : Test Suites/REST API Web Services</message>
  <nestedLevel>0</nestedLevel>
</record>
</log>